<?xml version="1.0" encoding="UTF-8"?>
<testsuite xmlns:xsi="http://www.w3.org/2001/XMLSchema-instance" xsi:noNamespaceSchemaLocation="https://maven.apache.org/surefire/maven-surefire-plugin/xsd/surefire-test-report-3.0.xsd" version="3.0" name="com.springboot.learning.demo_03_mybaits_crud_quickstart.Demo03MybaitsCrudQuickstartApplicationTests" time="22.442" tests="1" errors="0" skipped="0" failures="0">
  <properties>
[...]
</properties>
  <testcase name="testselectAll" classname="com.springboot.learning.demo_03_mybaits_crud_quickstart.Demo03MybaitsCrudQuickstartApplicationTests" time="7.527">
    <system-out><![CDATA[13:54:53.848 [main] INFO org.springframework.test.context.support.AnnotationConfigContextLoaderUtils -- Could not detect default configuration classes for test class [com.springboot.learning.demo_03_mybaits_crud_quickstart.Demo03MybaitsCrudQuickstartApplicationTests]: Demo03MybaitsCrudQuickstartApplicationTests does not declare any static, non-private, non-final, nested classes annotated with @Configuration.
13:54:54.870 [main] INFO org.springframework.boot.test.context.SpringBootTestContextBootstrapper -- Found @SpringBootConfiguration com.springboot.learning.demo_03_mybaits_crud_quickstart.Demo03MybaitsCrudQuickstartApplication for test class com.springboot.learning.demo_03_mybaits_crud_quickstart.Demo03MybaitsCrudQuickstartApplicationTests

  .   ____          _            __ _ _
 /\\ / ___'_ __ _ _(_)_ __  __ _ \ \ \ \
( ( )\___ | '_ | '_| | '_ \/ _` | \ \ \ \
 \\/  ___)| |_)| | | | | || (_| |  ) ) ) )
  '  |____| .__|_| |_|_| |_\__, | / / / /
 =========|_|==============|___/=/_/_/_/

 :: Spring Boot ::                (v3.3.2)

2024-08-29T13:55:01.111+08:00  INFO 11056 --- [           main] o03MybaitsCrudQuickstartApplicationTests : Starting Demo03MybaitsCrudQuickstartApplicationTests using Java 22.0.2 with PID 11056 (started by 10602 in D:\Springboot\demo_03_mybaits_crud_quickstart)
2024-08-29T13:55:01.129+08:00  INFO 11056 --- [           main] o03MybaitsCrudQuickstartApplicationTests : No active profile set, falling back to 1 default profile: "default"
2024-08-29T13:55:07.261+08:00  INFO 11056 --- [           main] o03MybaitsCrudQuickstartApplicationTests : Started Demo03MybaitsCrudQuickstartApplicationTests in 9.574 seconds (process running for 22.862)
2024-08-29T13:55:12.616+08:00  INFO 11056 --- [           main] com.zaxxer.hikari.HikariDataSource       : HikariPool-1 - Starting...
2024-08-29T13:55:14.603+08:00  INFO 11056 --- [           main] com.zaxxer.hikari.pool.HikariPool        : HikariPool-1 - Added connection com.mysql.cj.jdbc.ConnectionImpl@6f07d414
2024-08-29T13:55:14.607+08:00  INFO 11056 --- [           main] com.zaxxer.hikari.HikariDataSource       : HikariPool-1 - Start completed.
User{id=1, name='白眉鹰王', age=55, gender=1, phone='18800000000'}
User{id=2, name='金毛狮王', age=45, gender=1, phone='18800000001'}
User{id=3, name='青翼蝠王', age=38, gender=1, phone='18800000002'}
User{id=4, name='紫衫龙王', age=42, gender=2, phone='18800000003'}
User{id=5, name='光明左使', age=37, gender=1, phone='18800000004'}
User{id=6, name='光明右使', age=48, gender=1, phone='18800000005'}
]]></system-out>
    <system-err><![CDATA[WARNING: A Java agent has been loaded dynamically (E:\mvn-reporeties\net\bytebuddy\byte-buddy-agent\1.14.18\byte-buddy-agent-1.14.18.jar)
WARNING: If a serviceability tool is in use, please run with -XX:+EnableDynamicAgentLoading to hide this warning
WARNING: If a serviceability tool is not in use, please run with -Djdk.instrument.traceUsage for more information
WARNING: Dynamic loading of agents will be disallowed by default in a future release
]]></system-err>
  </testcase>
</testsuite>