<?xml version="1.0" encoding="UTF-8"?>
<testsuite xmlns:xsi="http://www.w3.org/2001/XMLSchema-instance" xsi:noNamespaceSchemaLocation="https://maven.apache.org/surefire/maven-surefire-plugin/xsd/surefire-test-report-3.0.xsd" version="3.0" name="com.springboot.learning.demo_02_req_resp.Demo02ReqRespApplicationTests" time="20.526" tests="1" errors="0" skipped="0" failures="0">
  <properties>
[...]
</properties>
  <testcase name="contextLoads" classname="com.springboot.learning.demo_02_req_resp.Demo02ReqRespApplicationTests" time="3.52">
    <system-out><![CDATA[13:54:52.536 [main] INFO org.springframework.test.context.support.AnnotationConfigContextLoaderUtils -- Could not detect default configuration classes for test class [com.springboot.learning.demo_02_req_resp.Demo02ReqRespApplicationTests]: Demo02ReqRespApplicationTests does not declare any static, non-private, non-final, nested classes annotated with @Configuration.
13:54:53.488 [main] INFO org.springframework.boot.test.context.SpringBootTestContextBootstrapper -- Found @SpringBootConfiguration com.springboot.learning.Demo02ReqRespApplication for test class com.springboot.learning.demo_02_req_resp.Demo02ReqRespApplicationTests

  .   ____          _            __ _ _
 /\\ / ___'_ __ _ _(_)_ __  __ _ \ \ \ \
( ( )\___ | '_ | '_| | '_ \/ _` | \ \ \ \
 \\/  ___)| |_)| | | | | || (_| |  ) ) ) )
  '  |____| .__|_| |_|_| |_\__, | / / / /
 =========|_|==============|___/=/_/_/_/

 :: Spring Boot ::                (v3.3.2)

2024-08-29T13:54:59.667+08:00  INFO 29700 --- [demo_02_req_resp] [           main] c.s.l.d.Demo02ReqRespApplicationTests    : Starting Demo02ReqRespApplicationTests using Java 22.0.2 with PID 29700 (started by 10602 in D:\Springboot\demo_02_req_resp)
2024-08-29T13:54:59.669+08:00  INFO 29700 --- [demo_02_req_resp] [           main] c.s.l.d.Demo02ReqRespApplicationTests    : No active profile set, falling back to 1 default profile: "default"
2024-08-29T13:55:07.972+08:00  INFO 29700 --- [demo_02_req_resp] [           main] c.s.l.d.Demo02ReqRespApplicationTests    : Started Demo02ReqRespApplicationTests in 13.056 seconds (process running for 24.165)
]]></system-out>
    <system-err><![CDATA[WARNING: A Java agent has been loaded dynamically (E:\mvn-reporeties\net\bytebuddy\byte-buddy-agent\1.14.18\byte-buddy-agent-1.14.18.jar)
WARNING: If a serviceability tool is in use, please run with -XX:+EnableDynamicAgentLoading to hide this warning
WARNING: If a serviceability tool is not in use, please run with -Djdk.instrument.traceUsage for more information
WARNING: Dynamic loading of agents will be disallowed by default in a future release
]]></system-err>
  </testcase>
</testsuite>