<?xml version="1.0" encoding="UTF-8"?>
<testsuite xmlns:xsi="http://www.w3.org/2001/XMLSchema-instance" xsi:noNamespaceSchemaLocation="https://maven.apache.org/surefire/maven-surefire-plugin/xsd/surefire-test-report-3.0.xsd" version="3.0" name="com.springboot.learning.demo_06_aop.Demo06AopApplicationTests" time="12.702" tests="1" errors="0" skipped="0" failures="0">
  <properties>
[...]
</properties>
  <testcase name="contextLoads" classname="com.springboot.learning.demo_06_aop.Demo06AopApplicationTests" time="2.211">
    <system-out><![CDATA[13:55:27.414 [main] INFO org.springframework.test.context.support.AnnotationConfigContextLoaderUtils -- Could not detect default configuration classes for test class [com.springboot.learning.demo_06_aop.Demo06AopApplicationTests]: Demo06AopApplicationTests does not declare any static, non-private, non-final, nested classes annotated with @Configuration.
13:55:29.568 [main] INFO org.springframework.boot.test.context.SpringBootTestContextBootstrapper -- Found @SpringBootConfiguration com.springboot.learning.demo_06_aop.Demo06AopApplication for test class com.springboot.learning.demo_06_aop.Demo06AopApplicationTests

  .   ____          _            __ _ _
 /\\ / ___'_ __ _ _(_)_ __  __ _ \ \ \ \
( ( )\___ | '_ | '_| | '_ \/ _` | \ \ \ \
 \\/  ___)| |_)| | | | | || (_| |  ) ) ) )
  '  |____| .__|_| |_|_| |_\__, | / / / /
 =========|_|==============|___/=/_/_/_/

 :: Spring Boot ::                (v3.3.3)

2024-08-29T13:55:31.768+08:00  INFO 16340 --- [demo_06_aop] [           main] c.s.l.d.Demo06AopApplicationTests        : Starting Demo06AopApplicationTests using Java 22.0.2 with PID 16340 (started by 10602 in D:\Springboot\demo_06_aop)
2024-08-29T13:55:31.770+08:00  INFO 16340 --- [demo_06_aop] [           main] c.s.l.d.Demo06AopApplicationTests        : No active profile set, falling back to 1 default profile: "default"
Logging initialized using 'class org.apache.ibatis.logging.stdout.StdOutImpl' adapter.
2024-08-29T13:55:36.904+08:00  INFO 16340 --- [demo_06_aop] [           main] c.s.l.d.Demo06AopApplicationTests        : Started Demo06AopApplicationTests in 6.519 seconds (process running for 16.551)
]]></system-out>
    <system-err><![CDATA[WARNING: A Java agent has been loaded dynamically (E:\mvn-reporeties\net\bytebuddy\byte-buddy-agent\1.14.19\byte-buddy-agent-1.14.19.jar)
WARNING: If a serviceability tool is in use, please run with -XX:+EnableDynamicAgentLoading to hide this warning
WARNING: If a serviceability tool is not in use, please run with -Djdk.instrument.traceUsage for more information
WARNING: Dynamic loading of agents will be disallowed by default in a future release
]]></system-err>
  </testcase>
</testsuite>