<?xml version="1.0" encoding="UTF-8"?>
<testsuite xmlns:xsi="http://www.w3.org/2001/XMLSchema-instance" xsi:noNamespaceSchemaLocation="https://maven.apache.org/surefire/maven-surefire-plugin/xsd/surefire-test-report-3.0.xsd" version="3.0" name="com.springboot.learning.demo_05_tlias.Demo05TliasApplicationTests" time="1.856" tests="1" errors="0" skipped="0" failures="0">
  <properties>
[...]
</properties>
  <testcase name="testGenJWT" classname="com.springboot.learning.demo_05_tlias.Demo05TliasApplicationTests" time="1.764">
    <system-out><![CDATA[eyJhbGciOiJIUzI1NiJ9.eyJpZCI6MSwiZXhwIjoxNzI0OTE0NDg0LCJ1c2VybmFtZSI6IlRvbSJ9.4FW52kTCiuZOuNRT1GP9olIEr5JLNiqhIkYIklNFNgM
]]></system-out>
  </testcase>
</testsuite>